0 info it worked if it ends with ok
1 verbose cli [ '/home/salvo.scala/.nvm/versions/node/v6.9.4/bin/node',
1 verbose cli   '/home/salvo.scala/.nvm/versions/node/v6.9.4/bin/npm',
1 verbose cli   'run',
1 verbose cli   'lint:sass' ]
2 info using npm@3.10.10
3 info using node@v6.9.4
4 verbose stack Error: ENOENT: no such file or directory, open '/home/salvo.scala/dev/salvo/italiacivile/package.json'
4 verbose stack     at Error (native)
5 verbose cwd /home/salvo.scala/dev/salvo/italiacivile
6 error Linux 5.19.0-35-generic
7 error argv "/home/salvo.scala/.nvm/versions/node/v6.9.4/bin/node" "/home/salvo.scala/.nvm/versions/node/v6.9.4/bin/npm" "run" "lint:sass"
8 error node v6.9.4
9 error npm  v3.10.10
10 error path /home/salvo.scala/dev/salvo/italiacivile/package.json
11 error code ENOENT
12 error errno -2
13 error syscall open
14 error enoent ENOENT: no such file or directory, open '/home/salvo.scala/dev/salvo/italiacivile/package.json'
15 error enoent ENOENT: no such file or directory, open '/home/salvo.scala/dev/salvo/italiacivile/package.json'
15 error enoent This is most likely not a problem with npm itself
15 error enoent and is related to npm not being able to find a file.
16 verbose exit [ -2, true ]
